[0.494s] DEBUG:colcon:Command line arguments: ['/usr/bin/colcon', 'build', '--symlink-install']
[0.495s] DEBUG:colcon:Parsed command line arguments: Namespace(log_base=None, log_level=None, verb_name='build', build_base='build', install_base='install', merge_install=False, symlink_install=True, test_result_base=None, continue_on_error=False, executor='parallel', parallel_workers=4, event_handlers=None, ignore_user_meta=False, metas=['./colcon.meta'], base_paths=['.'], packages_ignore=None, packages_ignore_regex=None, paths=None, packages_up_to=None, packages_up_to_regex=None, packages_above=None, packages_above_and_dependencies=None, packages_above_depth=None, packages_select_by_dep=None, packages_skip_by_dep=None, packages_skip_up_to=None, packages_select_build_failed=False, packages_skip_build_finished=False, packages_select_test_failures=False, packages_skip_test_passed=False, packages_select=None, packages_skip=None, packages_select_regex=None, packages_skip_regex=None, packages_start=None, packages_end=None, allow_overriding=[], cmake_args=None, cmake_target=None, cmake_target_skip_unavailable=False, cmake_clean_cache=False, cmake_clean_first=False, cmake_force_configure=False, ament_cmake_args=None, catkin_cmake_args=None, catkin_skip_building_tests=False, verb_parser=<colcon_defaults.argument_parser.defaults.DefaultArgumentsDecorator object at 0xffff8667aa70>, verb_extension=<colcon_core.verb.build.BuildVerb object at 0xffff86a3bee0>, main=<bound method BuildVerb.main of <colcon_core.verb.build.BuildVerb object at 0xffff86a3bee0>>)
[1.230s] Level 1:colcon.colcon_core.package_discovery:discover_packages(colcon_meta) check parameters
[1.230s] Level 1:colcon.colcon_core.package_discovery:discover_packages(recursive) check parameters
[1.231s] Level 1:colcon.colcon_core.package_discovery:discover_packages(ignore) check parameters
[1.231s] Level 1:colcon.colcon_core.package_discovery:discover_packages(path) check parameters
[1.231s] Level 1:colcon.colcon_core.package_discovery:discover_packages(colcon_meta) discover
[1.231s] Level 1:colcon.colcon_core.package_discovery:discover_packages(recursive) discover
[1.231s] INFO:colcon.colcon_core.package_discovery:Crawling recursively for packages in '/home/tac/type2_Devastator/ROS2/devas_ws'
[1.232s] Level 1:colcon.colcon_core.package_identification:_identify(.) by extensions ['ignore', 'ignore_ament_install']
[1.232s] Level 1:colcon.colcon_core.package_identification:_identify(.) by extension 'ignore'
[1.233s] Level 1:colcon.colcon_core.package_identification:_identify(.) by extension 'ignore_ament_install'
[1.233s] Level 1:colcon.colcon_core.package_identification:_identify(.) by extensions ['colcon_pkg']
[1.233s] Level 1:colcon.colcon_core.package_identification:_identify(.) by extension 'colcon_pkg'
[1.233s] Level 1:colcon.colcon_core.package_identification:_identify(.) by extensions ['colcon_meta']
[1.233s] Level 1:colcon.colcon_core.package_identification:_identify(.) by extension 'colcon_meta'
[1.234s] Level 1:colcon.colcon_core.package_identification:_identify(.) by extensions ['ros']
[1.234s] Level 1:colcon.colcon_core.package_identification:_identify(.) by extension 'ros'
[1.284s] Level 1:colcon.colcon_core.package_identification:_identify(.) by extensions ['cmake', 'python']
[1.285s] Level 1:colcon.colcon_core.package_identification:_identify(.) by extension 'cmake'
[1.285s] Level 1:colcon.colcon_core.package_identification:_identify(.) by extension 'python'
[1.285s] Level 1:colcon.colcon_core.package_identification:_identify(.) by extensions ['python_setup_py']
[1.286s] Level 1:colcon.colcon_core.package_identification:_identify(.) by extension 'python_setup_py'
[1.286s] Level 1:colcon.colcon_core.package_identification:_identify(build) by extensions ['ignore', 'ignore_ament_install']
[1.287s] Level 1:colcon.colcon_core.package_identification:_identify(build) by extension 'ignore'
[1.287s] Level 1:colcon.colcon_core.package_identification:_identify(build) ignored
[1.288s] Level 1:colcon.colcon_core.package_identification:_identify(install) by extensions ['ignore', 'ignore_ament_install']
[1.288s] Level 1:colcon.colcon_core.package_identification:_identify(install) by extension 'ignore'
[1.288s] Level 1:colcon.colcon_core.package_identification:_identify(install) ignored
[1.289s] Level 1:colcon.colcon_core.package_identification:_identify(log) by extensions ['ignore', 'ignore_ament_install']
[1.289s] Level 1:colcon.colcon_core.package_identification:_identify(log) by extension 'ignore'
[1.290s] Level 1:colcon.colcon_core.package_identification:_identify(log) ignored
[1.290s] Level 1:colcon.colcon_core.package_identification:_identify(src) by extensions ['ignore', 'ignore_ament_install']
[1.291s] Level 1:colcon.colcon_core.package_identification:_identify(src) by extension 'ignore'
[1.291s] Level 1:colcon.colcon_core.package_identification:_identify(src) by extension 'ignore_ament_install'
[1.291s] Level 1:colcon.colcon_core.package_identification:_identify(src) by extensions ['colcon_pkg']
[1.291s] Level 1:colcon.colcon_core.package_identification:_identify(src) by extension 'colcon_pkg'
[1.291s] Level 1:colcon.colcon_core.package_identification:_identify(src) by extensions ['colcon_meta']
[1.292s] Level 1:colcon.colcon_core.package_identification:_identify(src) by extension 'colcon_meta'
[1.292s] Level 1:colcon.colcon_core.package_identification:_identify(src) by extensions ['ros']
[1.292s] Level 1:colcon.colcon_core.package_identification:_identify(src) by extension 'ros'
[1.292s] Level 1:colcon.colcon_core.package_identification:_identify(src) by extensions ['cmake', 'python']
[1.292s] Level 1:colcon.colcon_core.package_identification:_identify(src) by extension 'cmake'
[1.293s] Level 1:colcon.colcon_core.package_identification:_identify(src) by extension 'python'
[1.293s] Level 1:colcon.colcon_core.package_identification:_identify(src) by extensions ['python_setup_py']
[1.293s] Level 1:colcon.colcon_core.package_identification:_identify(src) by extension 'python_setup_py'
[1.294s] Level 1:colcon.colcon_core.package_identification:_identify(src/motor_controller) by extensions ['ignore', 'ignore_ament_install']
[1.294s] Level 1:colcon.colcon_core.package_identification:_identify(src/motor_controller) by extension 'ignore'
[1.294s] Level 1:colcon.colcon_core.package_identification:_identify(src/motor_controller) by extension 'ignore_ament_install'
[1.295s] Level 1:colcon.colcon_core.package_identification:_identify(src/motor_controller) by extensions ['colcon_pkg']
[1.295s] Level 1:colcon.colcon_core.package_identification:_identify(src/motor_controller) by extension 'colcon_pkg'
[1.295s] Level 1:colcon.colcon_core.package_identification:_identify(src/motor_controller) by extensions ['colcon_meta']
[1.295s] Level 1:colcon.colcon_core.package_identification:_identify(src/motor_controller) by extension 'colcon_meta'
[1.295s] Level 1:colcon.colcon_core.package_identification:_identify(src/motor_controller) by extensions ['ros']
[1.295s] Level 1:colcon.colcon_core.package_identification:_identify(src/motor_controller) by extension 'ros'
[1.306s] DEBUG:colcon.colcon_core.package_identification:Package 'src/motor_controller' with type 'ros.ament_python' and name 'motor_controller'
[1.306s] Level 1:colcon.colcon_core.package_discovery:discover_packages(recursive) using defaults
[1.306s] Level 1:colcon.colcon_core.package_discovery:discover_packages(ignore) discover
[1.307s] Level 1:colcon.colcon_core.package_discovery:discover_packages(ignore) using defaults
[1.307s] Level 1:colcon.colcon_core.package_discovery:discover_packages(path) discover
[1.307s] Level 1:colcon.colcon_core.package_discovery:discover_packages(path) using defaults
[1.402s] Level 1:colcon.colcon_core.package_discovery:discover_packages(prefix_path) check parameters
[1.402s] Level 1:colcon.colcon_core.package_discovery:discover_packages(prefix_path) discover
[1.412s] DEBUG:colcon.colcon_installed_package_information.package_discovery:Found 1 installed packages in /home/tac/type2_Devastator/ROS2/devas_ws/install
[1.415s] DEBUG:colcon.colcon_installed_package_information.package_discovery:Found 3 installed packages in /home/tac/Unit1/unit1_ws/install
[1.422s] DEBUG:colcon.colcon_installed_package_information.package_discovery:Found 180 installed packages in /opt/ros/humble
[1.428s] Level 1:colcon.colcon_core.package_discovery:discover_packages(prefix_path) using defaults
[1.566s] Level 5:colcon.colcon_core.verb:set package 'motor_controller' build argument 'cmake_args' from command line to 'None'
[1.566s] Level 5:colcon.colcon_core.verb:set package 'motor_controller' build argument 'cmake_target' from command line to 'None'
[1.566s] Level 5:colcon.colcon_core.verb:set package 'motor_controller' build argument 'cmake_target_skip_unavailable' from command line to 'False'
[1.566s] Level 5:colcon.colcon_core.verb:set package 'motor_controller' build argument 'cmake_clean_cache' from command line to 'False'
[1.567s] Level 5:colcon.colcon_core.verb:set package 'motor_controller' build argument 'cmake_clean_first' from command line to 'False'
[1.567s] Level 5:colcon.colcon_core.verb:set package 'motor_controller' build argument 'cmake_force_configure' from command line to 'False'
[1.567s] Level 5:colcon.colcon_core.verb:set package 'motor_controller' build argument 'ament_cmake_args' from command line to 'None'
[1.567s] Level 5:colcon.colcon_core.verb:set package 'motor_controller' build argument 'catkin_cmake_args' from command line to 'None'
[1.567s] Level 5:colcon.colcon_core.verb:set package 'motor_controller' build argument 'catkin_skip_building_tests' from command line to 'False'
[1.568s] DEBUG:colcon.colcon_core.verb:Building package 'motor_controller' with the following arguments: {'ament_cmake_args': None, 'build_base': '/home/tac/type2_Devastator/ROS2/devas_ws/build/motor_controller', 'catkin_cmake_args': None, 'catkin_skip_building_tests': False, 'cmake_args': None, 'cmake_clean_cache': False, 'cmake_clean_first': False, 'cmake_force_configure': False, 'cmake_target': None, 'cmake_target_skip_unavailable': False, 'install_base': '/home/tac/type2_Devastator/ROS2/devas_ws/install/motor_controller', 'merge_install': False, 'path': '/home/tac/type2_Devastator/ROS2/devas_ws/src/motor_controller', 'symlink_install': True, 'test_result_base': None}
[1.568s] INFO:colcon.colcon_core.executor:Executing jobs using 'parallel' executor
[1.572s] DEBUG:colcon.colcon_parallel_executor.executor.parallel:run_until_complete
[1.573s] INFO:colcon.colcon_ros.task.ament_python.build:Building ROS package in '/home/tac/type2_Devastator/ROS2/devas_ws/src/motor_controller' with build type 'ament_python'
[1.574s] Level 1:colcon.colcon_core.shell:create_environment_hook('motor_controller', 'ament_prefix_path')
[1.588s] INFO:colcon.colcon_core.plugin_system:Skipping extension 'colcon_core.shell.bat': Not used on non-Windows systems
[1.590s] INFO:colcon.colcon_core.shell:Creating environment hook '/home/tac/type2_Devastator/ROS2/devas_ws/install/motor_controller/share/motor_controller/hook/ament_prefix_path.ps1'
[1.594s] INFO:colcon.colcon_core.shell:Creating environment descriptor '/home/tac/type2_Devastator/ROS2/devas_ws/install/motor_controller/share/motor_controller/hook/ament_prefix_path.dsv'
[1.596s] INFO:colcon.colcon_core.shell:Creating environment hook '/home/tac/type2_Devastator/ROS2/devas_ws/install/motor_controller/share/motor_controller/hook/ament_prefix_path.sh'
[1.601s] INFO:colcon.colcon_core.shell:Skip shell extension 'powershell' for command environment: Not usable outside of PowerShell
[1.601s] DEBUG:colcon.colcon_core.shell:Skip shell extension 'dsv' for command environment
[2.869s] INFO:colcon.colcon_core.task.python.build:Building Python package in '/home/tac/type2_Devastator/ROS2/devas_ws/src/motor_controller'
[2.870s] INFO:colcon.colcon_core.shell:Skip shell extension 'powershell' for command environment: Not usable outside of PowerShell
[2.870s] DEBUG:colcon.colcon_core.shell:Skip shell extension 'dsv' for command environment
[4.573s] DEBUG:colcon.colcon_core.task.python.build:While undoing a previous installation files outside the Python library path are being ignored: /home/tac/type2_Devastator/ROS2/devas_ws/install/motor_controller/share/ament_index/resource_index/packages/motor_controller
[4.573s] DEBUG:colcon.colcon_core.task.python.build:While undoing a previous installation files outside the Python library path are being ignored: /home/tac/type2_Devastator/ROS2/devas_ws/install/motor_controller/share/motor_controller/package.xml
[4.575s] DEBUG:colcon.colcon_core.task.python.build:While undoing a previous installation files outside the Python library path are being ignored: /home/tac/type2_Devastator/ROS2/devas_ws/install/motor_controller/lib/motor_controller/motor_controller
[4.582s] DEBUG:colcon.colcon_core.event_handler.log_command:Invoking command in '/home/tac/type2_Devastator/ROS2/devas_ws/build/motor_controller': PYTHONPATH=/home/tac/type2_Devastator/ROS2/devas_ws/build/motor_controller/prefix_override:/usr/lib/python3/dist-packages/colcon_core/task/python/colcon_distutils_commands:/home/tac/type2_Devastator/ROS2/devas_ws/install/motor_controller/lib/python3.10/site-packages:${PYTHONPATH} /usr/bin/python3 -W ignore:setup.py install is deprecated -W ignore:easy_install command is deprecated setup.py develop --editable --build-directory /home/tac/type2_Devastator/ROS2/devas_ws/build/motor_controller/build --no-deps symlink_data --force
[6.654s] Level 1:colcon.colcon_core.shell:create_environment_hook('motor_controller', 'pythonpath_develop')
[6.656s] INFO:colcon.colcon_core.shell:Creating environment hook '/home/tac/type2_Devastator/ROS2/devas_ws/build/motor_controller/share/motor_controller/hook/pythonpath_develop.ps1'
[6.657s] DEBUG:colcon.colcon_core.event_handler.log_command:Invoked command in '/home/tac/type2_Devastator/ROS2/devas_ws/build/motor_controller' returned '0': PYTHONPATH=/home/tac/type2_Devastator/ROS2/devas_ws/build/motor_controller/prefix_override:/usr/lib/python3/dist-packages/colcon_core/task/python/colcon_distutils_commands:/home/tac/type2_Devastator/ROS2/devas_ws/install/motor_controller/lib/python3.10/site-packages:${PYTHONPATH} /usr/bin/python3 -W ignore:setup.py install is deprecated -W ignore:easy_install command is deprecated setup.py develop --editable --build-directory /home/tac/type2_Devastator/ROS2/devas_ws/build/motor_controller/build --no-deps symlink_data --force
[6.659s] INFO:colcon.colcon_core.shell:Creating environment descriptor '/home/tac/type2_Devastator/ROS2/devas_ws/build/motor_controller/share/motor_controller/hook/pythonpath_develop.dsv'
[6.661s] INFO:colcon.colcon_core.shell:Creating environment hook '/home/tac/type2_Devastator/ROS2/devas_ws/build/motor_controller/share/motor_controller/hook/pythonpath_develop.sh'
[6.676s] Level 1:colcon.colcon_core.environment:checking '/home/tac/type2_Devastator/ROS2/devas_ws/install/motor_controller' for CMake module files
[6.679s] Level 1:colcon.colcon_core.environment:checking '/home/tac/type2_Devastator/ROS2/devas_ws/install/motor_controller' for CMake config files
[6.682s] Level 1:colcon.colcon_core.environment:checking '/home/tac/type2_Devastator/ROS2/devas_ws/install/motor_controller/lib'
[6.683s] Level 1:colcon.colcon_core.environment:checking '/home/tac/type2_Devastator/ROS2/devas_ws/install/motor_controller/bin'
[6.684s] Level 1:colcon.colcon_core.environment:checking '/home/tac/type2_Devastator/ROS2/devas_ws/install/motor_controller/lib/pkgconfig/motor_controller.pc'
[6.685s] Level 1:colcon.colcon_core.environment:checking '/home/tac/type2_Devastator/ROS2/devas_ws/install/motor_controller/lib/python3.10/site-packages'
[6.685s] Level 1:colcon.colcon_core.shell:create_environment_hook('motor_controller', 'pythonpath')
[6.686s] INFO:colcon.colcon_core.shell:Creating environment hook '/home/tac/type2_Devastator/ROS2/devas_ws/install/motor_controller/share/motor_controller/hook/pythonpath.ps1'
[6.688s] INFO:colcon.colcon_core.shell:Creating environment descriptor '/home/tac/type2_Devastator/ROS2/devas_ws/install/motor_controller/share/motor_controller/hook/pythonpath.dsv'
[6.690s] INFO:colcon.colcon_core.shell:Creating environment hook '/home/tac/type2_Devastator/ROS2/devas_ws/install/motor_controller/share/motor_controller/hook/pythonpath.sh'
[6.693s] Level 1:colcon.colcon_core.environment:checking '/home/tac/type2_Devastator/ROS2/devas_ws/install/motor_controller/bin'
[6.694s] Level 1:colcon.colcon_core.environment:create_environment_scripts_only(motor_controller)
[6.695s] INFO:colcon.colcon_core.shell:Creating package script '/home/tac/type2_Devastator/ROS2/devas_ws/install/motor_controller/share/motor_controller/package.ps1'
[6.700s] INFO:colcon.colcon_core.shell:Creating package descriptor '/home/tac/type2_Devastator/ROS2/devas_ws/install/motor_controller/share/motor_controller/package.dsv'
[6.703s] INFO:colcon.colcon_core.shell:Creating package script '/home/tac/type2_Devastator/ROS2/devas_ws/install/motor_controller/share/motor_controller/package.sh'
[6.707s] INFO:colcon.colcon_core.shell:Creating package script '/home/tac/type2_Devastator/ROS2/devas_ws/install/motor_controller/share/motor_controller/package.bash'
[6.712s] INFO:colcon.colcon_core.shell:Creating package script '/home/tac/type2_Devastator/ROS2/devas_ws/install/motor_controller/share/motor_controller/package.zsh'
[6.716s] Level 1:colcon.colcon_core.environment:create_file_with_runtime_dependencies(/home/tac/type2_Devastator/ROS2/devas_ws/install/motor_controller/share/colcon-core/packages/motor_controller)
[6.717s] DEBUG:colcon.colcon_parallel_executor.executor.parallel:closing loop
[6.719s] DEBUG:colcon.colcon_parallel_executor.executor.parallel:loop closed
[6.719s] DEBUG:colcon.colcon_parallel_executor.executor.parallel:run_until_complete finished with '0'
[6.719s] DEBUG:colcon.colcon_core.event_reactor:joining thread
[6.745s] INFO:colcon.colcon_core.plugin_system:Skipping extension 'colcon_notification.desktop_notification.notify_send': Could not find 'notify-send'
[6.745s] INFO:colcon.colcon_core.plugin_system:Skipping extension 'colcon_notification.desktop_notification.terminal_notifier': Not used on non-Darwin systems
[6.746s] INFO:colcon.colcon_core.plugin_system:Skipping extension 'colcon_notification.desktop_notification.win32': Not used on non-Windows systems
[6.746s] INFO:colcon.colcon_notification.desktop_notification:Sending desktop notification using 'notify2'
[6.749s] DEBUG:colcon.colcon_notification.desktop_notification.notify2:Failed to initialize notify2: org.freedesktop.DBus.Error.ServiceUnknown: The name org.freedesktop.Notifications was not provided by any .service files
[6.750s] DEBUG:colcon.colcon_core.event_reactor:joined thread
[6.751s] INFO:colcon.colcon_core.shell:Creating prefix script '/home/tac/type2_Devastator/ROS2/devas_ws/install/local_setup.ps1'
[6.755s] INFO:colcon.colcon_core.shell:Creating prefix util module '/home/tac/type2_Devastator/ROS2/devas_ws/install/_local_setup_util_ps1.py'
[6.763s] INFO:colcon.colcon_core.shell:Creating prefix chain script '/home/tac/type2_Devastator/ROS2/devas_ws/install/setup.ps1'
[6.769s] INFO:colcon.colcon_core.shell:Creating prefix script '/home/tac/type2_Devastator/ROS2/devas_ws/install/local_setup.sh'
[6.771s] INFO:colcon.colcon_core.shell:Creating prefix util module '/home/tac/type2_Devastator/ROS2/devas_ws/install/_local_setup_util_sh.py'
[6.775s] INFO:colcon.colcon_core.shell:Creating prefix chain script '/home/tac/type2_Devastator/ROS2/devas_ws/install/setup.sh'
[6.781s] INFO:colcon.colcon_core.shell:Creating prefix script '/home/tac/type2_Devastator/ROS2/devas_ws/install/local_setup.bash'
[6.783s] INFO:colcon.colcon_core.shell:Creating prefix chain script '/home/tac/type2_Devastator/ROS2/devas_ws/install/setup.bash'
[6.789s] INFO:colcon.colcon_core.shell:Creating prefix script '/home/tac/type2_Devastator/ROS2/devas_ws/install/local_setup.zsh'
[6.792s] INFO:colcon.colcon_core.shell:Creating prefix chain script '/home/tac/type2_Devastator/ROS2/devas_ws/install/setup.zsh'
