[3.037s] Invoking command in '/home/tac/type2_Devastator/ROS2/devas_ws/build/motor_controller': PYTHONPATH=/home/tac/type2_Devastator/ROS2/devas_ws/build/motor_controller/prefix_override:/usr/lib/python3/dist-packages/colcon_core/task/python/colcon_distutils_commands:/home/tac/type2_Devastator/ROS2/devas_ws/install/motor_controller/lib/python3.10/site-packages:${PYTHONPATH} /usr/bin/python3 -W ignore:setup.py install is deprecated -W ignore:easy_install command is deprecated setup.py develop --uninstall --editable --build-directory /home/tac/type2_Devastator/ROS2/devas_ws/build/motor_controller/build
[4.259s] running develop
[4.945s] Removing /home/tac/type2_Devastator/ROS2/devas_ws/install/motor_controller/lib/python3.10/site-packages/motor-controller.egg-link (link to .)
[5.076s] Invoked command in '/home/tac/type2_Devastator/ROS2/devas_ws/build/motor_controller' returned '0': PYTHONPATH=/home/tac/type2_Devastator/ROS2/devas_ws/build/motor_controller/prefix_override:/usr/lib/python3/dist-packages/colcon_core/task/python/colcon_distutils_commands:/home/tac/type2_Devastator/ROS2/devas_ws/install/motor_controller/lib/python3.10/site-packages:${PYTHONPATH} /usr/bin/python3 -W ignore:setup.py install is deprecated -W ignore:easy_install command is deprecated setup.py develop --uninstall --editable --build-directory /home/tac/type2_Devastator/ROS2/devas_ws/build/motor_controller/build
[5.088s] Invoking command in '/home/tac/type2_Devastator/ROS2/devas_ws/src/motor_controller': PYTHONPATH=/home/tac/type2_Devastator/ROS2/devas_ws/build/motor_controller/prefix_override:/usr/lib/python3/dist-packages/colcon_core/task/python/colcon_distutils_commands:/home/tac/type2_Devastator/ROS2/devas_ws/install/motor_controller/lib/python3.10/site-packages:${PYTHONPATH} /usr/bin/python3 -W ignore:setup.py install is deprecated -W ignore:easy_install command is deprecated setup.py egg_info --egg-base ../../build/motor_controller build --build-base /home/tac/type2_Devastator/ROS2/devas_ws/build/motor_controller/build install --record /home/tac/type2_Devastator/ROS2/devas_ws/build/motor_controller/install.log --single-version-externally-managed install_data --force
[6.220s] running egg_info
[6.223s] writing ../../build/motor_controller/motor_controller.egg-info/PKG-INFO
[6.224s] writing dependency_links to ../../build/motor_controller/motor_controller.egg-info/dependency_links.txt
[6.225s] writing entry points to ../../build/motor_controller/motor_controller.egg-info/entry_points.txt
[6.226s] writing requirements to ../../build/motor_controller/motor_controller.egg-info/requires.txt
[6.227s] writing top-level names to ../../build/motor_controller/motor_controller.egg-info/top_level.txt
[6.236s] reading manifest file '../../build/motor_controller/motor_controller.egg-info/SOURCES.txt'
[6.240s] writing manifest file '../../build/motor_controller/motor_controller.egg-info/SOURCES.txt'
[6.241s] running build
[6.241s] running build_py
[6.242s] copying motor_controller/mtctl_simple.py -> /home/tac/type2_Devastator/ROS2/devas_ws/build/motor_controller/build/lib/motor_controller
[6.245s] running install
[6.246s] running install_lib
[6.250s] creating /home/tac/type2_Devastator/ROS2/devas_ws/install/motor_controller/lib/python3.10/site-packages/motor_controller
[6.251s] copying /home/tac/type2_Devastator/ROS2/devas_ws/build/motor_controller/build/lib/motor_controller/__init__.py -> /home/tac/type2_Devastator/ROS2/devas_ws/install/motor_controller/lib/python3.10/site-packages/motor_controller
[6.252s] copying /home/tac/type2_Devastator/ROS2/devas_ws/build/motor_controller/build/lib/motor_controller/mtctl_simple.py -> /home/tac/type2_Devastator/ROS2/devas_ws/install/motor_controller/lib/python3.10/site-packages/motor_controller
[6.256s] byte-compiling /home/tac/type2_Devastator/ROS2/devas_ws/install/motor_controller/lib/python3.10/site-packages/motor_controller/__init__.py to __init__.cpython-310.pyc
[6.257s] byte-compiling /home/tac/type2_Devastator/ROS2/devas_ws/install/motor_controller/lib/python3.10/site-packages/motor_controller/mtctl_simple.py to mtctl_simple.cpython-310.pyc
[6.262s] running install_data
[6.262s] copying resource/motor_controller -> /home/tac/type2_Devastator/ROS2/devas_ws/install/motor_controller/share/ament_index/resource_index/packages
[6.263s] copying package.xml -> /home/tac/type2_Devastator/ROS2/devas_ws/install/motor_controller/share/motor_controller
[6.264s] running install_egg_info
[6.273s] Copying ../../build/motor_controller/motor_controller.egg-info to /home/tac/type2_Devastator/ROS2/devas_ws/install/motor_controller/lib/python3.10/site-packages/motor_controller-0.0.0-py3.10.egg-info
[6.279s] running install_scripts
[6.374s] Installing motor_controller script to /home/tac/type2_Devastator/ROS2/devas_ws/install/motor_controller/lib/motor_controller
[6.376s] writing list of installed files to '/home/tac/type2_Devastator/ROS2/devas_ws/build/motor_controller/install.log'
[6.505s] Invoked command in '/home/tac/type2_Devastator/ROS2/devas_ws/src/motor_controller' returned '0': PYTHONPATH=/home/tac/type2_Devastator/ROS2/devas_ws/build/motor_controller/prefix_override:/usr/lib/python3/dist-packages/colcon_core/task/python/colcon_distutils_commands:/home/tac/type2_Devastator/ROS2/devas_ws/install/motor_controller/lib/python3.10/site-packages:${PYTHONPATH} /usr/bin/python3 -W ignore:setup.py install is deprecated -W ignore:easy_install command is deprecated setup.py egg_info --egg-base ../../build/motor_controller build --build-base /home/tac/type2_Devastator/ROS2/devas_ws/build/motor_controller/build install --record /home/tac/type2_Devastator/ROS2/devas_ws/build/motor_controller/install.log --single-version-externally-managed install_data --force
