[3.217s] Invoking command in '/home/tac/type2_Devastator/ROS2/devas_ws/src/motor_controller': PYTHONPATH=/home/tac/type2_Devastator/ROS2/devas_ws/build/motor_controller/prefix_override:/usr/lib/python3/dist-packages/colcon_core/task/python/colcon_distutils_commands:/home/tac/type2_Devastator/ROS2/devas_ws/install/motor_controller/lib/python3.10/site-packages:${PYTHONPATH} /usr/bin/python3 -W ignore:setup.py install is deprecated -W ignore:easy_install command is deprecated setup.py egg_info --egg-base ../../build/motor_controller build --build-base /home/tac/type2_Devastator/ROS2/devas_ws/build/motor_controller/build install --record /home/tac/type2_Devastator/ROS2/devas_ws/build/motor_controller/install.log --single-version-externally-managed install_data
[4.351s] running egg_info
[4.353s] creating ../../build/motor_controller/motor_controller.egg-info
[4.354s] writing ../../build/motor_controller/motor_controller.egg-info/PKG-INFO
[4.356s] writing dependency_links to ../../build/motor_controller/motor_controller.egg-info/dependency_links.txt
[4.356s] writing entry points to ../../build/motor_controller/motor_controller.egg-info/entry_points.txt
[4.357s] writing requirements to ../../build/motor_controller/motor_controller.egg-info/requires.txt
[4.358s] writing top-level names to ../../build/motor_controller/motor_controller.egg-info/top_level.txt
[4.359s] writing manifest file '../../build/motor_controller/motor_controller.egg-info/SOURCES.txt'
[4.366s] reading manifest file '../../build/motor_controller/motor_controller.egg-info/SOURCES.txt'
[4.370s] writing manifest file '../../build/motor_controller/motor_controller.egg-info/SOURCES.txt'
[4.370s] running build
[4.371s] running build_py
[4.372s] creating /home/tac/type2_Devastator/ROS2/devas_ws/build/motor_controller/build
[4.372s] creating /home/tac/type2_Devastator/ROS2/devas_ws/build/motor_controller/build/lib
[4.373s] creating /home/tac/type2_Devastator/ROS2/devas_ws/build/motor_controller/build/lib/motor_controller
[4.373s] copying motor_controller/__init__.py -> /home/tac/type2_Devastator/ROS2/devas_ws/build/motor_controller/build/lib/motor_controller
[4.374s] copying motor_controller/mtctl_simple.py -> /home/tac/type2_Devastator/ROS2/devas_ws/build/motor_controller/build/lib/motor_controller
[4.374s] running install
[4.376s] running install_lib
[4.380s] creating /home/tac/type2_Devastator/ROS2/devas_ws/install/motor_controller/lib/python3.10/site-packages/motor_controller
[4.380s] copying /home/tac/type2_Devastator/ROS2/devas_ws/build/motor_controller/build/lib/motor_controller/__init__.py -> /home/tac/type2_Devastator/ROS2/devas_ws/install/motor_controller/lib/python3.10/site-packages/motor_controller
[4.381s] copying /home/tac/type2_Devastator/ROS2/devas_ws/build/motor_controller/build/lib/motor_controller/mtctl_simple.py -> /home/tac/type2_Devastator/ROS2/devas_ws/install/motor_controller/lib/python3.10/site-packages/motor_controller
[4.384s] byte-compiling /home/tac/type2_Devastator/ROS2/devas_ws/install/motor_controller/lib/python3.10/site-packages/motor_controller/__init__.py to __init__.cpython-310.pyc
[4.386s] byte-compiling /home/tac/type2_Devastator/ROS2/devas_ws/install/motor_controller/lib/python3.10/site-packages/motor_controller/mtctl_simple.py to mtctl_simple.cpython-310.pyc
[4.390s] running install_data
[4.391s] creating /home/tac/type2_Devastator/ROS2/devas_ws/install/motor_controller/share/ament_index
[4.391s] creating /home/tac/type2_Devastator/ROS2/devas_ws/install/motor_controller/share/ament_index/resource_index
[4.392s] creating /home/tac/type2_Devastator/ROS2/devas_ws/install/motor_controller/share/ament_index/resource_index/packages
[4.392s] copying resource/motor_controller -> /home/tac/type2_Devastator/ROS2/devas_ws/install/motor_controller/share/ament_index/resource_index/packages
[4.393s] copying package.xml -> /home/tac/type2_Devastator/ROS2/devas_ws/install/motor_controller/share/motor_controller
[4.393s] running install_egg_info
[4.401s] Copying ../../build/motor_controller/motor_controller.egg-info to /home/tac/type2_Devastator/ROS2/devas_ws/install/motor_controller/lib/python3.10/site-packages/motor_controller-0.0.0-py3.10.egg-info
[4.407s] running install_scripts
[4.501s] Installing motor_controller script to /home/tac/type2_Devastator/ROS2/devas_ws/install/motor_controller/lib/motor_controller
[4.503s] writing list of installed files to '/home/tac/type2_Devastator/ROS2/devas_ws/build/motor_controller/install.log'
[4.619s] Invoked command in '/home/tac/type2_Devastator/ROS2/devas_ws/src/motor_controller' returned '0': PYTHONPATH=/home/tac/type2_Devastator/ROS2/devas_ws/build/motor_controller/prefix_override:/usr/lib/python3/dist-packages/colcon_core/task/python/colcon_distutils_commands:/home/tac/type2_Devastator/ROS2/devas_ws/install/motor_controller/lib/python3.10/site-packages:${PYTHONPATH} /usr/bin/python3 -W ignore:setup.py install is deprecated -W ignore:easy_install command is deprecated setup.py egg_info --egg-base ../../build/motor_controller build --build-base /home/tac/type2_Devastator/ROS2/devas_ws/build/motor_controller/build install --record /home/tac/type2_Devastator/ROS2/devas_ws/build/motor_controller/install.log --single-version-externally-managed install_data
